#
# There is insufficient memory for the Java Runtime Environment to continue.
# Native memory allocation (mmap) failed to map 132120576 bytes for G1 virtual space
# Possible reasons:
#   The system is out of physical RAM or swap space
#   The process is running with CompressedOops enabled, and the Java Heap may be blocking the growth of the native heap
# Possible solutions:
#   Reduce memory load on the system
#   Increase physical memory or swap space
#   Check if swap backing store is full
#   Decrease Java heap size (-Xmx/-Xms)
#   Decrease number of Java threads
#   Decrease Java thread stack sizes (-Xss)
#   Set larger code cache with -XX:ReservedCodeCacheSize=
#   JVM is running with Unscaled Compressed Oops mode in which the Java heap is
#     placed in the first 4GB address space. The Java Heap base address is the
#     maximum limit for the native heap growth. Please use -XX:HeapBaseMinAddress
#     to set the Java Heap base and to place the Java Heap above 4GB virtual address.
# This output file may be truncated or incomplete.
#
#  Out of Memory Error (os_windows.cpp:3469), pid=30492, tid=30052
#
# JRE version:  (17.0+35) (build )
# Java VM: Java HotSpot(TM) 64-Bit Server VM (17+35-LTS-2724, mixed mode, sharing, tiered, compressed oops, compressed class ptrs, g1 gc, windows-amd64)
# No core dump will be written. Minidumps are not enabled by default on client versions of Windows
#

---------------  S U M M A R Y ------------

Command Line: -Dfile.encoding=Cp1252 -XX:+ShowCodeDetailsInExceptionMessages my.quiz.project.QuizPannel

Host: 11th Gen Intel(R) Core(TM) i5-1135G7 @ 2.40GHz, 8 cores, 7G,  Windows 10 , 64 bit Build 22000 (10.0.22000.120)
Time: Tue Nov 16 20:50:41 2021 SE Asia Standard Time elapsed time: 0.016685 seconds (0d 0h 0m 0s)

---------------  T H R E A D  ---------------

Current thread (0x000001c1eec18930):  JavaThread "Unknown thread" [_thread_in_vm, id=30052, stack(0x000000a8dd200000,0x000000a8dd300000)]

Stack: [0x000000a8dd200000,0x000000a8dd300000]
Native frames: (J=compiled Java code, j=interpreted, Vv=VM code, C=native code)
V  [jvm.dll+0x66f8ea]
V  [jvm.dll+0x7ce224]
V  [jvm.dll+0x7cf9ce]
V  [jvm.dll+0x7d0033]
V  [jvm.dll+0x242bb5]
V  [jvm.dll+0x66c909]
V  [jvm.dll+0x6613d2]
V  [jvm.dll+0x30082b]
V  [jvm.dll+0x307db6]
V  [jvm.dll+0x357a0e]
V  [jvm.dll+0x357c3f]
V  [jvm.dll+0x2d7ae8]
V  [jvm.dll+0x2d8a54]
V  [jvm.dll+0x7a00a1]
V  [jvm.dll+0x365781]
V  [jvm.dll+0x77f59c]
V  [jvm.dll+0x3e805f]
V  [jvm.dll+0x3e9b01]
C  [jli.dll+0x527b]
C  [ucrtbase.dll+0x26c0c]
C  [KERNEL32.DLL+0x154e0]
C  [ntdll.dll+0x485b]


---------------  P R O C E S S  ---------------

Threads class SMR info:
_java_thread_list=0x00007ff90c717818, length=0, elements={
}

Java Threads: ( => current thread )

Other Threads:
  0x000001c1eec59fd0 GCTaskThread "GC Thread#0" [stack: 0x000000a8dd300000,0x000000a8dd400000] [id=23024]
  0x000001c1eec6a8d0 ConcurrentGCThread "G1 Main Marker" [stack: 0x000000a8dd400000,0x000000a8dd500000] [id=31228]
  0x000001c1eec6b2e0 ConcurrentGCThread "G1 Conc#0" [stack: 0x000000a8dd500000,0x000000a8dd600000] [id=2412]

[error occurred during error reporting (printing all threads), id 0xc0000005, EXCEPTION_ACCESS_VIOLATION (0xc0000005) at pc=0x00007ff90bf684c7]

VM state: not at safepoint (not fully initialized)

VM Mutex/Monitor currently owned by a thread:  ([mutex/lock_event])
[0x000001c1eec15e30] Heap_lock - owner thread: 0x000001c1eec18930

Heap address: 0x0000000083200000, size: 1998 MB, Compressed Oops mode: 32-bit

CDS archive(s) mapped at: [0x0000000000000000-0x0000000000000000-0x0000000000000000), size 0, SharedBaseAddress: 0x0000000800000000, ArchiveRelocationMode: 0.
Narrow klass base: 0x0000000000000000, Narrow klass shift: 0, Narrow klass range: 0x0

GC Precious Log:
<Empty>

Heap:
 garbage-first heap   total 0K, used 0K [0x0000000083200000, 0x0000000100000000)
  region size 1024K, 0 young (0K), 0 survivors (0K)

[error occurred during error reporting (printing heap information), id 0xc0000005, EXCEPTION_ACCESS_VIOLATION (0xc0000005) at pc=0x00007ff90c348c59]

GC Heap History (0 events):
No events

Deoptimization events (0 events):
No events

Classes unloaded (0 events):
No events

Classes redefined (0 events):
No events

Internal exceptions (0 events):
No events

VM Operations (0 events):
No events

Events (1 events):
Event: 0.008 Loaded shared library C:\Program Files\Java\jdk-17\bin\java.dll


Dynamic libraries:
0x00007ff795f40000 - 0x00007ff795f50000 	C:\Program Files\Java\jdk-17\bin\javaw.exe
0x00007ff97ad20000 - 0x00007ff97af27000 	C:\WINDOWS\SYSTEM32\ntdll.dll
0x00007ff978fb0000 - 0x00007ff97906d000 	C:\WINDOWS\System32\KERNEL32.DLL
0x00007ff978530000 - 0x00007ff9788a4000 	C:\WINDOWS\System32\KERNELBASE.dll
0x00007ff978410000 - 0x00007ff978521000 	C:\WINDOWS\System32\ucrtbase.dll
0x00007ff946820000 - 0x00007ff94683a000 	C:\Program Files\Java\jdk-17\bin\VCRUNTIME140.dll
0x00007ff9748b0000 - 0x00007ff9748c8000 	C:\Program Files\Java\jdk-17\bin\jli.dll
0x00007ff9791a0000 - 0x00007ff97924c000 	C:\WINDOWS\System32\ADVAPI32.dll
0x00007ff978e60000 - 0x00007ff978f03000 	C:\WINDOWS\System32\msvcrt.dll
0x00007ff97a000000 - 0x00007ff97a09d000 	C:\WINDOWS\System32\sechost.dll
0x00007ff979070000 - 0x00007ff979191000 	C:\WINDOWS\System32\RPCRT4.dll
0x00007ff978cb0000 - 0x00007ff978e5c000 	C:\WINDOWS\System32\USER32.dll
0x00007ff9783e0000 - 0x00007ff978406000 	C:\WINDOWS\System32\win32u.dll
0x00007ff95e070000 - 0x00007ff95e315000 	C:\WINDOWS\WinSxS\amd64_microsoft.windows.common-controls_6595b64144ccf1df_6.0.22000.120_none_9d947278b86cc467\COMCTL32.dll
0x00007ff97a100000 - 0x00007ff97a129000 	C:\WINDOWS\System32\GDI32.dll
0x00007ff9782c0000 - 0x00007ff9783d2000 	C:\WINDOWS\System32\gdi32full.dll
0x00007ff978b10000 - 0x00007ff978bad000 	C:\WINDOWS\System32\msvcp_win.dll
0x00007ff96a240000 - 0x00007ff96a24a000 	C:\WINDOWS\SYSTEM32\VERSION.dll
0x00007ff97a2f0000 - 0x00007ff97a321000 	C:\WINDOWS\System32\IMM32.DLL
0x00007ff9485f0000 - 0x00007ff9485fc000 	C:\Program Files\Java\jdk-17\bin\vcruntime140_1.dll
0x00007ff932130000 - 0x00007ff9321bd000 	C:\Program Files\Java\jdk-17\bin\msvcp140.dll
0x00007ff90bc80000 - 0x00007ff90c83e000 	C:\Program Files\Java\jdk-17\bin\server\jvm.dll
0x00007ff978fa0000 - 0x00007ff978fa8000 	C:\WINDOWS\System32\PSAPI.DLL
0x00007ff95ce10000 - 0x00007ff95ce43000 	C:\WINDOWS\SYSTEM32\WINMM.dll
0x00007ff947cb0000 - 0x00007ff947cb9000 	C:\WINDOWS\SYSTEM32\WSOCK32.dll
0x00007ff979720000 - 0x00007ff97978f000 	C:\WINDOWS\System32\WS2_32.dll
0x00007ff977420000 - 0x00007ff977438000 	C:\WINDOWS\SYSTEM32\kernel.appcore.dll
0x00007ff9434c0000 - 0x00007ff9434ca000 	C:\Program Files\Java\jdk-17\bin\jimage.dll
0x00007ff975ba0000 - 0x00007ff975dc1000 	C:\WINDOWS\SYSTEM32\DBGHELP.DLL
0x00007ff95f2a0000 - 0x00007ff95f2d1000 	C:\WINDOWS\SYSTEM32\dbgcore.DLL
0x00007ff978920000 - 0x00007ff9789a0000 	C:\WINDOWS\System32\bcryptPrimitives.dll
0x00007ff93cd90000 - 0x00007ff93cdb5000 	C:\Program Files\Java\jdk-17\bin\java.dll

dbghelp: loaded successfully - version: 4.0.5 - missing functions: none
symbol engine: initialized successfully - sym options: 0x614 - pdb path: .;C:\Program Files\Java\jdk-17\bin;C:\WINDOWS\SYSTEM32;C:\WINDOWS\WinSxS\amd64_microsoft.windows.common-controls_6595b64144ccf1df_6.0.22000.120_none_9d947278b86cc467;C:\Program Files\Java\jdk-17\bin\server

VM Arguments:
jvm_args: -Dfile.encoding=Cp1252 -XX:+ShowCodeDetailsInExceptionMessages 
java_command: my.quiz.project.QuizPannel
java_class_path (initial): C:\Users\kishan dixit\OneDrive\Desktop\java\Java Quiz Project\bin
Launcher Type: SUN_STANDARD

[Global flags]
     intx CICompilerCount                          = 4                                         {product} {ergonomic}
     uint ConcGCThreads                            = 2                                         {product} {ergonomic}
     uint G1ConcRefinementThreads                  = 8                                         {product} {ergonomic}
   size_t G1HeapRegionSize                         = 1048576                                   {product} {ergonomic}
    uintx GCDrainStackTargetSize                   = 64                                        {product} {ergonomic}
   size_t InitialHeapSize                          = 132120576                                 {product} {ergonomic}
   size_t MarkStackSize                            = 4194304                                   {product} {ergonomic}
   size_t MaxHeapSize                              = 2095054848                                {product} {ergonomic}
   size_t MinHeapDeltaBytes                        = 1048576                                   {product} {ergonomic}
   size_t MinHeapSize                              = 8388608                                   {product} {ergonomic}
    uintx NonNMethodCodeHeapSize                   = 5839372                                {pd product} {ergonomic}
    uintx NonProfiledCodeHeapSize                  = 122909434                              {pd product} {ergonomic}
    uintx ProfiledCodeHeapSize                     = 122909434                              {pd product} {ergonomic}
    uintx ReservedCodeCacheSize                    = 251658240                              {pd product} {ergonomic}
     bool SegmentedCodeCache                       = true                                      {product} {ergonomic}
     bool ShowCodeDetailsInExceptionMessages       = true                                   {manageable} {command line}
   size_t SoftMaxHeapSize                          = 2095054848                             {manageable} {ergonomic}
     bool UseCompressedClassPointers               = true                           {product lp64_product} {ergonomic}
     bool UseCompressedOops                        = true                           {product lp64_product} {ergonomic}
     bool UseG1GC                                  = true                                      {product} {ergonomic}
     bool UseLargePagesIndividualAllocation        = false                                  {pd product} {ergonomic}

Logging:
Log output configuration:
 #0: stdout all=warning uptime,level,tags
 #1: stderr all=off uptime,level,tags

Environment Variables:
JAVA_HOME=C:\Program Files\Java\jdk-16.0.2
PATH=C:\Program Files\Common Files\Oracle\Java\javapath;C:\WINDOWS\system32;C:\WINDOWS;C:\WINDOWS\System32\Wbem;C:\WINDOWS\System32\WindowsPowerShell\v1.0\;C:\WINDOWS\System32\OpenSSH\;C:\Program Files\Git\cmd;C:\Program Files (x86)\GtkSharp\2.12\bin;C:\Program Files\Java\jdk-16.0.2\bin;C:\Program Files\Java\jdk-17;C:\Users\kishan dixit\AppData\Local\Microsoft\WindowsApps;C:\Users\kishan dixit\AppData\Local\Programs\Microsoft VS Code\bin;C:\Program Files (x86)\mingw-w64\i686-8.1.0-posix-dwarf-rt_v6-rev0\mingw32\bin;
USERNAME=kishan dixit
OS=Windows_NT
PROCESSOR_IDENTIFIER=Intel64 Family 6 Model 140 Stepping 1, GenuineIntel



---------------  S Y S T E M  ---------------

OS:
 Windows 10 , 64 bit Build 22000 (10.0.22000.120)
OS uptime: 0 days 7:45 hours

CPU: total 8 (initial active 8) (4 cores per cpu, 2 threads per core) family 6 model 140 stepping 1 microcode 0x86, cx8, cmov, fxsr, ht, mmx, 3dnowpref, sse, sse2, sse3, ssse3, sse4.1, sse4.2, popcnt, lzcnt, tsc, tscinvbit, avx, avx2, aes, erms, clmul, bmi1, bmi2, adx, avx512f, avx512dq, avx512cd, avx512bw, avx512vl, sha, fma, vzeroupper, avx512_vpopcntdq, avx512_vpclmulqdq, avx512_vaes, avx512_vnni, clflush, clflushopt, clwb, avx512_vbmi2, avx512_vbmi

Memory: 4k page, system-wide physical 7991M (917M free)
TotalPageFile size 32567M (AvailPageFile size 19M)
current process WorkingSet (physical memory assigned to process): 10M, peak: 10M
current process commit charge ("private bytes"): 60M, peak: 186M

vm_info: Java HotSpot(TM) 64-Bit Server VM (17+35-LTS-2724) for windows-amd64 JRE (17+35-LTS-2724), built on Aug  5 2021 23:28:28 by "mach5one" with MS VC++ 16.8 (VS2019)

END.
